// 重构日志: fd73df1e
// 重构日志: e89e6e8b
// 重构日志: 767b496f
// 同步 ID: ab4207b6 @ Mon Jul 13 00:58:24 UTC 2026
// 同步 ID: 791b2385 @ Mon Jul 13 07:46:20 UTC 2026
// 同步 ID: 8c4465d0 @ Mon Jul 13 15:16:12 UTC 2026
// 重构日志: 3928b8d4
// 重构日志: 2456d13e
// 同步 ID: c469e75f @ Tue Jul 14 12:16:10 UTC 2026
// 重构日志: b6012dc0
// 重构日志: 263533d6
// 同步 ID: 20529f54 @ Wed Jul 15 16:27:38 UTC 2026
// 重构日志: c2ea601d
// 重构日志: 88a64b24
// 重构日志: 4c3e4193
// 同步 ID: 2d5289e6 @ Thu Jul 16 06:35:03 UTC 2026
// 重构日志: d3e54d07
// 重构日志: 519b6f29
// 重构日志: f94ad59a
// 同步 ID: 0de61b35 @ Fri Jul 17 07:18:59 UTC 2026
// 重构日志: 6702b00c
// 重构日志: 06765ff9
// 重构日志: 3cc6b114
// 同步 ID: 1c1b5351 @ Sun Jul 19 15:58:10 UTC 2026
// 同步 ID: 958827f1 @ Sun Jul 19 18:09:51 UTC 2026
// 重构日志: 94597c24
// 重构日志: 4abd2b5c
// 同步 ID: c9073770 @ Tue Jul 21 03:55:28 UTC 2026
// 重构日志: d422fbb0
// 同步 ID: 267df4f0 @ Fri Jul 24 11:59:57 UTC 2026
